<?xml version="1.0" encoding="UTF-8"?>
<!-- Generated by org.testng.reporters.JUnitReportReporter -->
<testsuite hostname="LMPITSJ8NH6Q3" failures="0" tests="1" name="tests.mainMyLeaves.myLeaves.MyLeave" time="17.879" errors="0" timestamp="2022-12-19T14:42:12 IST" skipped="0">
  <testcase classname="tests.mainMyLeaves.myLeaves.MyLeave" name="validateMyLeave" time="17.879"/>
  <system-out/>
</testsuite> <!-- tests.mainMyLeaves.myLeaves.MyLeave -->
