<?xml version="1.0" encoding="UTF-8"?>
<!-- Generated by org.testng.reporters.JUnitReportReporter -->
<testsuite hostname="LMPITSJ8NH6Q3" failures="0" tests="3" name="tests.mainMyLeaves.myLeaves.LeaveBalance" time="17.691" errors="0" timestamp="2022-12-20T15:23:21 IST" skipped="0">
  <testcase classname="tests.mainMyLeaves.myLeaves.LeaveBalance" name="validateLeaveBalance" time="11.475"/>
  <system-out/>
  <testcase classname="tests.mainMyLeaves.myLeaves.LeaveBalance" name="validateAllLeaveTableData" time="4.960"/>
  <system-out/>
  <testcase classname="tests.mainMyLeaves.myLeaves.LeaveBalance" name="getBalanaceLeaveData1" time="1.256"/>
  <system-out/>
</testsuite> <!-- tests.mainMyLeaves.myLeaves.LeaveBalance -->
