<?xml version="1.0" encoding="UTF-8"?>
<!-- Generated by org.testng.reporters.JUnitReportReporter -->
<testsuite hostname="LMPITSJ8NH6Q3" failures="0" tests="5" name="tests.LoginTest.LoginPage" time="35.204" errors="0" timestamp="2022-12-23T18:20:25 IST" skipped="3">
  <testcase classname="tests.LoginTest.LoginPage" name="validatelogin" time="19.687"/>
  <system-out/>
  <testcase classname="tests.LoginTest.LoginPage" name="validateManagerLogin" time="15.517"/>
  <system-out/>
  <testcase classname="tests.LoginTest.LoginPage" name="validateForgotPass">
    <skipped/>
  </testcase> <!-- validateForgotPass -->
  <system-out/>
  <testcase classname="tests.LoginTest.LoginPage" name="validateLogout">
    <skipped/>
  </testcase> <!-- validateLogout -->
  <system-out/>
  <testcase classname="tests.LoginTest.LoginPage" name="validateAutoLogout">
    <skipped/>
  </testcase> <!-- validateAutoLogout -->
  <system-out/>
</testsuite> <!-- tests.LoginTest.LoginPage -->
