<?xml version="1.0" encoding="UTF-8"?>
<!-- Generated by org.testng.reporters.JUnitReportReporter -->
<testsuite hostname="LMPITSJ8NH6Q3" failures="0" tests="1" name="tests.managerTest.myTeam.teamMember.TeamMemberTest" time="8.503" errors="0" timestamp="2023-01-03T16:39:22 IST" skipped="0">
  <testcase classname="tests.managerTest.myTeam.teamMember.TeamMemberTest" name="validateTeamMembaer" time="8.503"/>
  <system-out/>
</testsuite> <!-- tests.managerTest.myTeam.teamMember.TeamMemberTest -->
