<?xml version="1.0" encoding="UTF-8"?>
<!-- Generated by org.testng.reporters.JUnitReportReporter -->
<testsuite hostname="LMPITSJ8NH6Q3" failures="0" tests="10" name="tests.myDetails.MyHolidayList" time="126.559" errors="0" timestamp="2022-12-22T17:15:55 IST" skipped="0">
  <testcase classname="tests.myDetails.MyHolidayList" name="myHolidayList" time="25.721"/>
  <system-out/>
  <testcase classname="tests.myDetails.MyHolidayList" name="validateMyHolidayList" time="22.134"/>
  <system-out/>
  <testcase classname="tests.myDetails.MyHolidayList" name="validateYellowHolidays" time="0.073"/>
  <system-out/>
  <testcase classname="tests.myDetails.MyHolidayList" name="validateSelectedHolidays" time="3.427"/>
  <system-out/>
  <testcase classname="tests.myDetails.MyHolidayList" name="validateSubmittedHolidayList" time="4.205"/>
  <system-out/>
  <testcase classname="tests.myDetails.MyHolidayList" name="validateUserLogout" time="7.171"/>
  <system-out/>
  <testcase classname="tests.myDetails.MyHolidayList" name="validateMgrHolidayReqFlow" time="28.945"/>
  <system-out/>
  <testcase classname="tests.myDetails.MyHolidayList" name="validateManagerLogout" time="7.096"/>
  <system-out/>
  <testcase classname="tests.myDetails.MyHolidayList" name="validateUserAppliedHolidays" time="16.122"/>
  <system-out/>
  <testcase classname="tests.myDetails.MyHolidayList" name="validateHolidayListWithLeaveBalance" time="11.665"/>
  <system-out/>
</testsuite> <!-- tests.myDetails.MyHolidayList -->
