<?xml version="1.0" encoding="UTF-8"?>
<!-- Generated by org.testng.reporters.JUnitReportReporter -->
<testsuite hostname="LMPITSJ8NH6Q3" failures="0" tests="2" name="tests.mainMyLeaves.myLeaves.leaveCancel" time="10.482" errors="0" timestamp="2022-12-28T13:56:17 IST" skipped="0">
  <testcase classname="tests.mainMyLeaves.myLeaves.leaveCancel" name="validateLeaveCancel" time="10.313"/>
  <system-out/>
  <testcase classname="tests.mainMyLeaves.myLeaves.leaveCancel" name="validateLeaveScheduleTable" time="0.169"/>
  <system-out/>
</testsuite> <!-- tests.mainMyLeaves.myLeaves.leaveCancel -->
